<?xml version="1.0" encoding="UTF-8"?>
<testsuite xmlns:xsi="http://www.w3.org/2001/XMLSchema-instance" xsi:noNamespaceSchemaLocation="https://maven.apache.org/surefire/maven-surefire-plugin/xsd/surefire-test-report.xsd" name="com.example.restservice.GreetingControllerTests" time="2.594" tests="2" errors="0" skipped="0" failures="0">
  <properties>
    <property name="java.specification.version" value="18"/>
    <property name="sun.cpu.isalist" value="amd64"/>
    <property name="sun.jnu.encoding" value="MS950"/>
    <property name="java.class.path" value="D:\tommy\github-repo\yudady\getting-started-guides\01-gs-rest-service\complete\target\test-classes;D:\tommy\github-repo\yudady\getting-started-guides\01-gs-rest-service\complete\target\classes;D:\JavaTool\maven\mavne_lib\org\springframework\boot\spring-boot-starter-web\2.7.4\spring-boot-starter-web-2.7.4.jar;D:\JavaTool\maven\mavne_lib\org\springframework\boot\spring-boot-starter\2.7.4\spring-boot-starter-2.7.4.jar;D:\JavaTool\maven\mavne_lib\org\springframework\boot\spring-boot\2.7.4\spring-boot-2.7.4.jar;D:\JavaTool\maven\mavne_lib\org\springframework\boot\spring-boot-autoconfigure\2.7.4\spring-boot-autoconfigure-2.7.4.jar;D:\JavaTool\maven\mavne_lib\org\springframework\boot\spring-boot-starter-logging\2.7.4\spring-boot-starter-logging-2.7.4.jar;D:\JavaTool\maven\mavne_lib\ch\qos\logback\logback-classic\1.2.11\logback-classic-1.2.11.jar;D:\JavaTool\maven\mavne_lib\ch\qos\logback\logback-core\1.2.11\logback-core-1.2.11.jar;D:\JavaTool\maven\mavne_lib\org\apache\logging\log4j\log4j-to-slf4j\2.17.2\log4j-to-slf4j-2.17.2.jar;D:\JavaTool\maven\mavne_lib\org\apache\logging\log4j\log4j-api\2.17.2\log4j-api-2.17.2.jar;D:\JavaTool\maven\mavne_lib\org\slf4j\jul-to-slf4j\1.7.36\jul-to-slf4j-1.7.36.jar;D:\JavaTool\maven\mavne_lib\jakarta\annotation\jakarta.annotation-api\1.3.5\jakarta.annotation-api-1.3.5.jar;D:\JavaTool\maven\mavne_lib\org\yaml\snakeyaml\1.30\snakeyaml-1.30.jar;D:\JavaTool\maven\mavne_lib\org\springframework\boot\spring-boot-starter-json\2.7.4\spring-boot-starter-json-2.7.4.jar;D:\JavaTool\maven\mavne_lib\com\fasterxml\jackson\core\jackson-databind\2.13.4\jackson-databind-2.13.4.jar;D:\JavaTool\maven\mavne_lib\com\fasterxml\jackson\core\jackson-annotations\2.13.4\jackson-annotations-2.13.4.jar;D:\JavaTool\maven\mavne_lib\com\fasterxml\jackson\core\jackson-core\2.13.4\jackson-core-2.13.4.jar;D:\JavaTool\maven\mavne_lib\com\fasterxml\jackson\datatype\jackson-datatype-jdk8\2.13.4\jackson-datatype-jdk8-2.13.4.jar;D:\JavaTool\maven\mavne_lib\com\fasterxml\jackson\datatype\jackson-datatype-jsr310\2.13.4\jackson-datatype-jsr310-2.13.4.jar;D:\JavaTool\maven\mavne_lib\com\fasterxml\jackson\module\jackson-module-parameter-names\2.13.4\jackson-module-parameter-names-2.13.4.jar;D:\JavaTool\maven\mavne_lib\org\springframework\boot\spring-boot-starter-tomcat\2.7.4\spring-boot-starter-tomcat-2.7.4.jar;D:\JavaTool\maven\mavne_lib\org\apache\tomcat\embed\tomcat-embed-core\9.0.65\tomcat-embed-core-9.0.65.jar;D:\JavaTool\maven\mavne_lib\org\apache\tomcat\embed\tomcat-embed-el\9.0.65\tomcat-embed-el-9.0.65.jar;D:\JavaTool\maven\mavne_lib\org\apache\tomcat\embed\tomcat-embed-websocket\9.0.65\tomcat-embed-websocket-9.0.65.jar;D:\JavaTool\maven\mavne_lib\org\springframework\spring-web\5.3.23\spring-web-5.3.23.jar;D:\JavaTool\maven\mavne_lib\org\springframework\spring-beans\5.3.23\spring-beans-5.3.23.jar;D:\JavaTool\maven\mavne_lib\org\springframework\spring-webmvc\5.3.23\spring-webmvc-5.3.23.jar;D:\JavaTool\maven\mavne_lib\org\springframework\spring-aop\5.3.23\spring-aop-5.3.23.jar;D:\JavaTool\maven\mavne_lib\org\springframework\spring-context\5.3.23\spring-context-5.3.23.jar;D:\JavaTool\maven\mavne_lib\org\springframework\spring-expression\5.3.23\spring-expression-5.3.23.jar;D:\JavaTool\maven\mavne_lib\org\springframework\boot\spring-boot-starter-test\2.7.4\spring-boot-starter-test-2.7.4.jar;D:\JavaTool\maven\mavne_lib\org\springframework\boot\spring-boot-test\2.7.4\spring-boot-test-2.7.4.jar;D:\JavaTool\maven\mavne_lib\org\springframework\boot\spring-boot-test-autoconfigure\2.7.4\spring-boot-test-autoconfigure-2.7.4.jar;D:\JavaTool\maven\mavne_lib\com\jayway\jsonpath\json-path\2.7.0\json-path-2.7.0.jar;D:\JavaTool\maven\mavne_lib\net\minidev\json-smart\2.4.8\json-smart-2.4.8.jar;D:\JavaTool\maven\mavne_lib\net\minidev\accessors-smart\2.4.8\accessors-smart-2.4.8.jar;D:\JavaTool\maven\mavne_lib\org\ow2\asm\asm\9.1\asm-9.1.jar;D:\JavaTool\maven\mavne_lib\org\slf4j\slf4j-api\1.7.36\slf4j-api-1.7.36.jar;D:\JavaTool\maven\mavne_lib\jakarta\xml\bind\jakarta.xml.bind-api\2.3.3\jakarta.xml.bind-api-2.3.3.jar;D:\JavaTool\maven\mavne_lib\jakarta\activation\jakarta.activation-api\1.2.2\jakarta.activation-api-1.2.2.jar;D:\JavaTool\maven\mavne_lib\org\assertj\assertj-core\3.22.0\assertj-core-3.22.0.jar;D:\JavaTool\maven\mavne_lib\org\hamcrest\hamcrest\2.2\hamcrest-2.2.jar;D:\JavaTool\maven\mavne_lib\org\junit\jupiter\junit-jupiter\5.8.2\junit-jupiter-5.8.2.jar;D:\JavaTool\maven\mavne_lib\org\junit\jupiter\junit-jupiter-api\5.8.2\junit-jupiter-api-5.8.2.jar;D:\JavaTool\maven\mavne_lib\org\opentest4j\opentest4j\1.2.0\opentest4j-1.2.0.jar;D:\JavaTool\maven\mavne_lib\org\junit\platform\junit-platform-commons\1.8.2\junit-platform-commons-1.8.2.jar;D:\JavaTool\maven\mavne_lib\org\apiguardian\apiguardian-api\1.1.2\apiguardian-api-1.1.2.jar;D:\JavaTool\maven\mavne_lib\org\junit\jupiter\junit-jupiter-params\5.8.2\junit-jupiter-params-5.8.2.jar;D:\JavaTool\maven\mavne_lib\org\junit\jupiter\junit-jupiter-engine\5.8.2\junit-jupiter-engine-5.8.2.jar;D:\JavaTool\maven\mavne_lib\org\junit\platform\junit-platform-engine\1.8.2\junit-platform-engine-1.8.2.jar;D:\JavaTool\maven\mavne_lib\org\mockito\mockito-core\4.5.1\mockito-core-4.5.1.jar;D:\JavaTool\maven\mavne_lib\net\bytebuddy\byte-buddy\1.12.17\byte-buddy-1.12.17.jar;D:\JavaTool\maven\mavne_lib\net\bytebuddy\byte-buddy-agent\1.12.17\byte-buddy-agent-1.12.17.jar;D:\JavaTool\maven\mavne_lib\org\objenesis\objenesis\3.2\objenesis-3.2.jar;D:\JavaTool\maven\mavne_lib\org\mockito\mockito-junit-jupiter\4.5.1\mockito-junit-jupiter-4.5.1.jar;D:\JavaTool\maven\mavne_lib\org\skyscreamer\jsonassert\1.5.1\jsonassert-1.5.1.jar;D:\JavaTool\maven\mavne_lib\com\vaadin\external\google\android-json\0.0.20131108.vaadin1\android-json-0.0.20131108.vaadin1.jar;D:\JavaTool\maven\mavne_lib\org\springframework\spring-core\5.3.23\spring-core-5.3.23.jar;D:\JavaTool\maven\mavne_lib\org\springframework\spring-jcl\5.3.23\spring-jcl-5.3.23.jar;D:\JavaTool\maven\mavne_lib\org\springframework\spring-test\5.3.23\spring-test-5.3.23.jar;D:\JavaTool\maven\mavne_lib\org\xmlunit\xmlunit-core\2.9.0\xmlunit-core-2.9.0.jar;"/>
    <property name="java.vm.vendor" value="Oracle Corporation"/>
    <property name="sun.arch.data.model" value="64"/>
    <property name="user.variant" value=""/>
    <property name="java.vendor.url" value="https://java.oracle.com/"/>
    <property name="user.timezone" value="Asia/Taipei"/>
    <property name="os.name" value="Windows 11"/>
    <property name="java.vm.specification.version" value="18"/>
    <property name="sun.java.launcher" value="SUN_STANDARD"/>
    <property name="user.country" value="TW"/>
    <property name="sun.boot.library.path" value="C:\Users\yu_da\.jdks\openjdk-18.0.2.1\bin"/>
    <property name="sun.java.command" value="C:\Users\yu_da\AppData\Local\Temp\surefire4133142540480605024\surefirebooter2713748143874127267.jar C:\Users\yu_da\AppData\Local\Temp\surefire4133142540480605024 2022-09-25T23-44-04_476-jvmRun1 surefire14724768921009768735tmp surefire_016535925967313083634tmp"/>
    <property name="jdk.debug" value="release"/>
    <property name="surefire.test.class.path" value="D:\tommy\github-repo\yudady\getting-started-guides\01-gs-rest-service\complete\target\test-classes;D:\tommy\github-repo\yudady\getting-started-guides\01-gs-rest-service\complete\target\classes;D:\JavaTool\maven\mavne_lib\org\springframework\boot\spring-boot-starter-web\2.7.4\spring-boot-starter-web-2.7.4.jar;D:\JavaTool\maven\mavne_lib\org\springframework\boot\spring-boot-starter\2.7.4\spring-boot-starter-2.7.4.jar;D:\JavaTool\maven\mavne_lib\org\springframework\boot\spring-boot\2.7.4\spring-boot-2.7.4.jar;D:\JavaTool\maven\mavne_lib\org\springframework\boot\spring-boot-autoconfigure\2.7.4\spring-boot-autoconfigure-2.7.4.jar;D:\JavaTool\maven\mavne_lib\org\springframework\boot\spring-boot-starter-logging\2.7.4\spring-boot-starter-logging-2.7.4.jar;D:\JavaTool\maven\mavne_lib\ch\qos\logback\logback-classic\1.2.11\logback-classic-1.2.11.jar;D:\JavaTool\maven\mavne_lib\ch\qos\logback\logback-core\1.2.11\logback-core-1.2.11.jar;D:\JavaTool\maven\mavne_lib\org\apache\logging\log4j\log4j-to-slf4j\2.17.2\log4j-to-slf4j-2.17.2.jar;D:\JavaTool\maven\mavne_lib\org\apache\logging\log4j\log4j-api\2.17.2\log4j-api-2.17.2.jar;D:\JavaTool\maven\mavne_lib\org\slf4j\jul-to-slf4j\1.7.36\jul-to-slf4j-1.7.36.jar;D:\JavaTool\maven\mavne_lib\jakarta\annotation\jakarta.annotation-api\1.3.5\jakarta.annotation-api-1.3.5.jar;D:\JavaTool\maven\mavne_lib\org\yaml\snakeyaml\1.30\snakeyaml-1.30.jar;D:\JavaTool\maven\mavne_lib\org\springframework\boot\spring-boot-starter-json\2.7.4\spring-boot-starter-json-2.7.4.jar;D:\JavaTool\maven\mavne_lib\com\fasterxml\jackson\core\jackson-databind\2.13.4\jackson-databind-2.13.4.jar;D:\JavaTool\maven\mavne_lib\com\fasterxml\jackson\core\jackson-annotations\2.13.4\jackson-annotations-2.13.4.jar;D:\JavaTool\maven\mavne_lib\com\fasterxml\jackson\core\jackson-core\2.13.4\jackson-core-2.13.4.jar;D:\JavaTool\maven\mavne_lib\com\fasterxml\jackson\datatype\jackson-datatype-jdk8\2.13.4\jackson-datatype-jdk8-2.13.4.jar;D:\JavaTool\maven\mavne_lib\com\fasterxml\jackson\datatype\jackson-datatype-jsr310\2.13.4\jackson-datatype-jsr310-2.13.4.jar;D:\JavaTool\maven\mavne_lib\com\fasterxml\jackson\module\jackson-module-parameter-names\2.13.4\jackson-module-parameter-names-2.13.4.jar;D:\JavaTool\maven\mavne_lib\org\springframework\boot\spring-boot-starter-tomcat\2.7.4\spring-boot-starter-tomcat-2.7.4.jar;D:\JavaTool\maven\mavne_lib\org\apache\tomcat\embed\tomcat-embed-core\9.0.65\tomcat-embed-core-9.0.65.jar;D:\JavaTool\maven\mavne_lib\org\apache\tomcat\embed\tomcat-embed-el\9.0.65\tomcat-embed-el-9.0.65.jar;D:\JavaTool\maven\mavne_lib\org\apache\tomcat\embed\tomcat-embed-websocket\9.0.65\tomcat-embed-websocket-9.0.65.jar;D:\JavaTool\maven\mavne_lib\org\springframework\spring-web\5.3.23\spring-web-5.3.23.jar;D:\JavaTool\maven\mavne_lib\org\springframework\spring-beans\5.3.23\spring-beans-5.3.23.jar;D:\JavaTool\maven\mavne_lib\org\springframework\spring-webmvc\5.3.23\spring-webmvc-5.3.23.jar;D:\JavaTool\maven\mavne_lib\org\springframework\spring-aop\5.3.23\spring-aop-5.3.23.jar;D:\JavaTool\maven\mavne_lib\org\springframework\spring-context\5.3.23\spring-context-5.3.23.jar;D:\JavaTool\maven\mavne_lib\org\springframework\spring-expression\5.3.23\spring-expression-5.3.23.jar;D:\JavaTool\maven\mavne_lib\org\springframework\boot\spring-boot-starter-test\2.7.4\spring-boot-starter-test-2.7.4.jar;D:\JavaTool\maven\mavne_lib\org\springframework\boot\spring-boot-test\2.7.4\spring-boot-test-2.7.4.jar;D:\JavaTool\maven\mavne_lib\org\springframework\boot\spring-boot-test-autoconfigure\2.7.4\spring-boot-test-autoconfigure-2.7.4.jar;D:\JavaTool\maven\mavne_lib\com\jayway\jsonpath\json-path\2.7.0\json-path-2.7.0.jar;D:\JavaTool\maven\mavne_lib\net\minidev\json-smart\2.4.8\json-smart-2.4.8.jar;D:\JavaTool\maven\mavne_lib\net\minidev\accessors-smart\2.4.8\accessors-smart-2.4.8.jar;D:\JavaTool\maven\mavne_lib\org\ow2\asm\asm\9.1\asm-9.1.jar;D:\JavaTool\maven\mavne_lib\org\slf4j\slf4j-api\1.7.36\slf4j-api-1.7.36.jar;D:\JavaTool\maven\mavne_lib\jakarta\xml\bind\jakarta.xml.bind-api\2.3.3\jakarta.xml.bind-api-2.3.3.jar;D:\JavaTool\maven\mavne_lib\jakarta\activation\jakarta.activation-api\1.2.2\jakarta.activation-api-1.2.2.jar;D:\JavaTool\maven\mavne_lib\org\assertj\assertj-core\3.22.0\assertj-core-3.22.0.jar;D:\JavaTool\maven\mavne_lib\org\hamcrest\hamcrest\2.2\hamcrest-2.2.jar;D:\JavaTool\maven\mavne_lib\org\junit\jupiter\junit-jupiter\5.8.2\junit-jupiter-5.8.2.jar;D:\JavaTool\maven\mavne_lib\org\junit\jupiter\junit-jupiter-api\5.8.2\junit-jupiter-api-5.8.2.jar;D:\JavaTool\maven\mavne_lib\org\opentest4j\opentest4j\1.2.0\opentest4j-1.2.0.jar;D:\JavaTool\maven\mavne_lib\org\junit\platform\junit-platform-commons\1.8.2\junit-platform-commons-1.8.2.jar;D:\JavaTool\maven\mavne_lib\org\apiguardian\apiguardian-api\1.1.2\apiguardian-api-1.1.2.jar;D:\JavaTool\maven\mavne_lib\org\junit\jupiter\junit-jupiter-params\5.8.2\junit-jupiter-params-5.8.2.jar;D:\JavaTool\maven\mavne_lib\org\junit\jupiter\junit-jupiter-engine\5.8.2\junit-jupiter-engine-5.8.2.jar;D:\JavaTool\maven\mavne_lib\org\junit\platform\junit-platform-engine\1.8.2\junit-platform-engine-1.8.2.jar;D:\JavaTool\maven\mavne_lib\org\mockito\mockito-core\4.5.1\mockito-core-4.5.1.jar;D:\JavaTool\maven\mavne_lib\net\bytebuddy\byte-buddy\1.12.17\byte-buddy-1.12.17.jar;D:\JavaTool\maven\mavne_lib\net\bytebuddy\byte-buddy-agent\1.12.17\byte-buddy-agent-1.12.17.jar;D:\JavaTool\maven\mavne_lib\org\objenesis\objenesis\3.2\objenesis-3.2.jar;D:\JavaTool\maven\mavne_lib\org\mockito\mockito-junit-jupiter\4.5.1\mockito-junit-jupiter-4.5.1.jar;D:\JavaTool\maven\mavne_lib\org\skyscreamer\jsonassert\1.5.1\jsonassert-1.5.1.jar;D:\JavaTool\maven\mavne_lib\com\vaadin\external\google\android-json\0.0.20131108.vaadin1\android-json-0.0.20131108.vaadin1.jar;D:\JavaTool\maven\mavne_lib\org\springframework\spring-core\5.3.23\spring-core-5.3.23.jar;D:\JavaTool\maven\mavne_lib\org\springframework\spring-jcl\5.3.23\spring-jcl-5.3.23.jar;D:\JavaTool\maven\mavne_lib\org\springframework\spring-test\5.3.23\spring-test-5.3.23.jar;D:\JavaTool\maven\mavne_lib\org\xmlunit\xmlunit-core\2.9.0\xmlunit-core-2.9.0.jar;"/>
    <property name="sun.cpu.endian" value="little"/>
    <property name="user.home" value="C:\Users\yu_da"/>
    <property name="user.language" value="zh"/>
    <property name="java.specification.vendor" value="Oracle Corporation"/>
    <property name="java.version.date" value="2022-08-18"/>
    <property name="java.home" value="C:\Users\yu_da\.jdks\openjdk-18.0.2.1"/>
    <property name="file.separator" value="\"/>
    <property name="basedir" value="D:\tommy\github-repo\yudady\getting-started-guides\01-gs-rest-service\complete"/>
    <property name="java.vm.compressedOopsMode" value="Zero based"/>
    <property name="line.separator" value="&#10;"/>
    <property name="java.vm.specification.vendor" value="Oracle Corporation"/>
    <property name="java.specification.name" value="Java Platform API Specification"/>
    <property name="surefire.real.class.path" value="C:\Users\yu_da\AppData\Local\Temp\surefire4133142540480605024\surefirebooter2713748143874127267.jar"/>
    <property name="user.script" value=""/>
    <property name="sun.management.compiler" value="HotSpot 64-Bit Tiered Compilers"/>
    <property name="java.runtime.version" value="18.0.2.1+1-1"/>
    <property name="user.name" value="yu_da"/>
    <property name="path.separator" value=";"/>
    <property name="os.version" value="10.0"/>
    <property name="java.runtime.name" value="OpenJDK Runtime Environment"/>
    <property name="file.encoding" value="UTF-8"/>
    <property name="java.vm.name" value="OpenJDK 64-Bit Server VM"/>
    <property name="localRepository" value="D:\JavaTool\maven\mavne_lib"/>
    <property name="java.vendor.url.bug" value="https://bugreport.java.com/bugreport/"/>
    <property name="java.io.tmpdir" value="C:\Users\yu_da\AppData\Local\Temp\"/>
    <property name="idea.version" value="2022.1.3"/>
    <property name="java.version" value="18.0.2.1"/>
    <property name="user.dir" value="D:\tommy\github-repo\yudady\getting-started-guides\01-gs-rest-service\complete"/>
    <property name="os.arch" value="amd64"/>
    <property name="java.vm.specification.name" value="Java Virtual Machine Specification"/>
    <property name="sun.os.patch.level" value=""/>
    <property name="native.encoding" value="MS950"/>
    <property name="java.library.path" value="C:\Users\yu_da\.jdks\openjdk-18.0.2.1\bin;C:\WINDOWS\Sun\Java\bin;C:\WINDOWS\system32;C:\WINDOWS;C:\tools\ruby31\bin;C:\Program Files (x86)\VMware\VMware Workstation\bin\;C:\Program Files (x86)\Intel\iCLS Client\;C:\Program Files\Intel\iCLS Client\;C:\WINDOWS\system32;C:\WINDOWS;C:\WINDOWS\System32\Wbem;C:\WINDOWS\System32\WindowsPowerShell\v1.0\;C:\WINDOWS\System32\OpenSSH\;C:\Program Files (x86)\Intel\Intel(R) Management Engine Components\DAL;C:\Program Files\Intel\Intel(R) Management Engine Components\DAL;C:\Program Files (x86)\Intel\Intel(R) Management Engine Components\IPT;C:\Program Files\Intel\Intel(R) Management Engine Components\IPT;D:\install\nvm;C:\Program Files\nodejs;D:\install\Git\cmd;C:\Program Files\dotnet\;C:\ProgramData\chocolatey\bin;C:\Program Files\Go\bin;;C:\Program Files\Docker\Docker\resources\bin;C:\ProgramData\DockerDesktop\version-bin;C:\Users\yu_da\AppData\Local\Microsoft\WindowsApps;D:\install\nvm;C:\Program Files\nodejs;D:\install\heroku\bin;D:\JavaTool\Google\Cloud SDK\google-cloud-sdk\bin;C:\Program Files (x86)\GnuWin32\bin;C:\Users\yu_da\AppData\Local\Programs\Microsoft VS Code\bin;D:\install\Fiddler;D:\install\helm-v3.9.0;C:\tools\msys64;C:\Users\yu_da\go\bin;."/>
    <property name="java.vm.info" value="mixed mode, sharing"/>
    <property name="java.vendor" value="Oracle Corporation"/>
    <property name="java.vm.version" value="18.0.2.1+1-1"/>
    <property name="sun.io.unicode.encoding" value="UnicodeLittle"/>
    <property name="java.class.version" value="62.0"/>
  </properties>
  <testcase name="noParamGreetingShouldReturnDefaultMessage" classname="com.example.restservice.GreetingControllerTests" time="0.521"/>
  <testcase name="paramGreetingShouldReturnTailoredMessage" classname="com.example.restservice.GreetingControllerTests" time="0.006"/>
</testsuite>